INFO 2019-07-17 22:45:33,447 basehttp 154 "GET / HTTP/1.1" 200 17763
INFO 2019-07-17 22:45:33,584 basehttp 154 "GET /static/css/news/index.css HTTP/1.1" 200 5500
INFO 2019-07-17 22:45:33,592 basehttp 154 "GET /static/css/base/common.css HTTP/1.1" 200 3498
INFO 2019-07-17 22:45:33,614 basehttp 154 "GET /static/js/commons.js HTTP/1.1" 200 2421
INFO 2019-07-17 22:45:33,680 basehttp 154 "GET /static/js/news/index.js HTTP/1.1" 200 7032
INFO 2019-07-17 22:45:33,686 basehttp 154 "GET /media/jichujiaochen.jpeg HTTP/1.1" 200 11286
INFO 2019-07-17 22:45:33,691 basehttp 154 "GET /media/linux.jpg HTTP/1.1" 200 62189
INFO 2019-07-17 22:45:33,706 basehttp 154 "GET /static/css/base/side.css HTTP/1.1" 200 4428
INFO 2019-07-17 22:45:33,708 basehttp 154 "GET /static/images/python_web.jpg HTTP/1.1" 200 45717
INFO 2019-07-17 22:45:33,729 basehttp 154 "GET /static/images/english.jpg HTTP/1.1" 200 137605
INFO 2019-07-17 22:45:33,731 basehttp 154 "GET /static/images/linux.jpg HTTP/1.1" 200 62189
INFO 2019-07-17 22:45:33,738 basehttp 154 "GET /static/css/base/reset.css HTTP/1.1" 200 1427
INFO 2019-07-17 22:45:33,769 basehttp 154 "GET /static/images/wechat.jpg HTTP/1.1" 200 41182
INFO 2019-07-17 22:45:33,904 basehttp 154 "GET /news/banners/ HTTP/1.1" 200 988
INFO 2019-07-17 22:45:33,941 basehttp 154 "GET /news/?tag_id=0&page=1 HTTP/1.1" 200 1951
INFO 2019-07-17 22:45:33,954 basehttp 154 "GET /media/python_function.jpg HTTP/1.1" 200 27960
INFO 2019-07-17 22:45:33,963 basehttp 154 "GET /media/python_gui.jpg HTTP/1.1" 200 24129
INFO 2019-07-17 22:45:33,975 basehttp 154 "GET /media/python_advanced.jpg HTTP/1.1" 200 120059
INFO 2019-07-17 22:45:33,977 basehttp 154 "GET /media/python_web.jpg HTTP/1.1" 200 45717
INFO 2019-07-17 22:45:41,825 basehttp 154 "GET /news/?tag_id=0&page=2 HTTP/1.1" 200 3274
INFO 2019-07-17 22:45:42,915 basehttp 154 "GET /news/?tag_id=0&page=3 HTTP/1.1" 200 2935
INFO 2019-07-17 22:45:43,189 basehttp 154 "GET /news/?tag_id=0&page=4 HTTP/1.1" 200 3157
INFO 2019-07-17 22:45:47,236 basehttp 154 "GET / HTTP/1.1" 200 17763
INFO 2019-07-17 22:45:47,263 basehttp 154 "GET /static/css/base/reset.css HTTP/1.1" 200 1427
INFO 2019-07-17 22:45:47,272 basehttp 154 "GET /static/css/base/common.css HTTP/1.1" 200 3498
INFO 2019-07-17 22:45:47,275 basehttp 154 "GET /static/css/news/index.css HTTP/1.1" 200 5500
INFO 2019-07-17 22:45:47,279 basehttp 154 "GET /static/js/commons.js HTTP/1.1" 200 2421
INFO 2019-07-17 22:45:47,280 basehttp 154 "GET /static/css/base/side.css HTTP/1.1" 200 4428
INFO 2019-07-17 22:45:47,286 basehttp 154 "GET /static/js/news/index.js HTTP/1.1" 200 7032
INFO 2019-07-17 22:45:47,291 basehttp 154 "GET /static/js/base/message.js HTTP/1.1" 200 3570
INFO 2019-07-17 22:45:47,292 basehttp 154 "GET /media/linux.jpg HTTP/1.1" 200 62189
INFO 2019-07-17 22:45:47,292 basehttp 154 "GET /media/jichujiaochen.jpeg HTTP/1.1" 200 11286
INFO 2019-07-17 22:45:47,295 basehttp 154 "GET /static/images/english.jpg HTTP/1.1" 200 137605
INFO 2019-07-17 22:45:47,297 basehttp 154 "GET /static/images/linux.jpg HTTP/1.1" 200 62189
INFO 2019-07-17 22:45:47,307 basehttp 154 "GET /static/images/wechat.jpg HTTP/1.1" 200 41182
INFO 2019-07-17 22:45:47,310 basehttp 154 "GET /static/images/python_web.jpg HTTP/1.1" 200 45717
INFO 2019-07-17 22:45:47,387 basehttp 154 "GET /news/banners/ HTTP/1.1" 200 988
INFO 2019-07-17 22:45:47,390 basehttp 154 "GET /news/?tag_id=0&page=1 HTTP/1.1" 200 1951
INFO 2019-07-17 22:45:47,410 basehttp 154 "GET /media/python_gui.jpg HTTP/1.1" 200 24129
INFO 2019-07-17 22:45:47,410 basehttp 154 "GET /media/python_advanced.jpg HTTP/1.1" 200 120059
INFO 2019-07-17 22:45:47,415 basehttp 154 "GET /media/python_web.jpg HTTP/1.1" 200 45717
INFO 2019-07-17 22:45:47,418 basehttp 154 "GET /media/python_function.jpg HTTP/1.1" 200 27960
INFO 2019-07-17 22:45:48,027 basehttp 154 "GET /static/images/favicon.ico HTTP/1.1" 200 67646
INFO 2019-07-17 22:45:49,776 basehttp 154 "GET /news/221/ HTTP/1.1" 200 15560
INFO 2019-07-17 22:45:49,795 basehttp 154 "GET /static/js/news/news_detail.js HTTP/1.1" 200 7652
INFO 2019-07-17 22:45:49,804 basehttp 154 "GET /static/css/news/news-detail.css HTTP/1.1" 200 3406
INFO 2019-07-17 22:45:49,814 basehttp 154 "GET /static/images/avatar.jpeg HTTP/1.1" 200 21328
INFO 2019-07-17 22:45:49,830 basehttp 154 "GET /static/images/content_icon.png HTTP/1.1" 200 1146
INFO 2019-07-17 22:46:19,124 basehttp 154 "GET /news/?tag_id=0&page=2 HTTP/1.1" 200 3274
INFO 2019-07-17 22:46:19,841 basehttp 154 "GET /news/?tag_id=0&page=3 HTTP/1.1" 200 2935
INFO 2019-07-17 22:46:20,638 basehttp 154 "GET /news/?tag_id=0&page=4 HTTP/1.1" 200 3157
INFO 2019-07-17 22:47:19,940 basehttp 154 "GET /news/1185/ HTTP/1.1" 200 7679
